<?xml version="1.0" encoding="UTF-8" standalone="no"?>
<testsuite failures="1" name="cucumber.runtime.formatter.JUnitFormatter" skipped="0" tests="1" time="0">
<testcase classname="check the functionality of Renewel request for all scenarios" name="Rise a Renewal apllication Request with fourth RPM User" time="0">
<failure message="The scenario has pending or undefined step(s)"><![CDATA[When fourth RPM User login with valid creditinals for Renewal process.......undefined
Then Rise a Renewal Request with  fourth RPM User 1681......................undefined
Then logout  fourth RPM User after rise a Renewal process...................undefined
]]></failure>
</testcase>
</testsuite>
